<?xml version="1.0" encoding="UTF-8"?>
<testng-results ignored="0" total="1" passed="1" failed="0" skipped="0">
  <reporter-output>
  </reporter-output>
  <suite started-at="2022-09-15T05:39:07Z" name="NopCommerce" finished-at="2022-09-15T05:39:11Z" duration-ms="4704">
    <groups>
    </groups>
    <test started-at="2022-09-15T05:39:07Z" name="Run on CHROME" finished-at="2022-09-15T05:39:11Z" duration-ms="4704">
      <class name="testsuite001.TC_01">
        <test-method is-config="true" signature="beforeClass()[pri:0, instance:testsuite001.TC_01@495ee280]" started-at="2022-09-15T05:39:07Z" name="beforeClass" finished-at="2022-09-15T05:39:08Z" duration-ms="1595" status="PASS">
          <reporter-output>
          </reporter-output>
        </test-method> <!-- beforeClass -->
        <test-method signature="Login_01_Login()[pri:0, instance:testsuite001.TC_01@495ee280]" started-at="2022-09-15T05:39:08Z" name="Login_01_Login" finished-at="2022-09-15T05:39:11Z" duration-ms="3013" status="PASS">
          <reporter-output>
          </reporter-output>
        </test-method> <!-- Login_01_Login -->
        <test-method is-config="true" signature="afterClass()[pri:0, instance:testsuite001.TC_01@495ee280]" started-at="2022-09-15T05:39:11Z" name="afterClass" finished-at="2022-09-15T05:39:11Z" duration-ms="1" status="PASS">
          <reporter-output>
          </reporter-output>
        </test-method> <!-- afterClass -->
      </class> <!-- testsuite001.TC_01 -->
    </test> <!-- Run on CHROME -->
  </suite> <!-- NopCommerce -->
</testng-results>
